shared/build/intermediates/manifest_merge_blame_file/debug/processDebugManifest/manifest-merger-blame-debug-report.txt
1<?xml version="1.0" encoding="utf-8"?>
2<manifest xmlns:android="http://schemas.android.com/apk/res/android"
3    package="com.example.mycarapplication.shared" >
4
5    <uses-sdk android:minSdkVersion="28" />
6
7    <application android:appCategory="audio" >
7-->src/main/AndroidManifest.xml:3:5-20:19
7-->src/main/AndroidManifest.xml:3:18-45
8        <meta-data
8-->src/main/AndroidManifest.xml:5:9-7:59
9            android:name="com.google.android.gms.car.application"
9-->src/main/AndroidManifest.xml:6:13-66
10            android:resource="@xml/automotive_app_desc" />
10-->src/main/AndroidManifest.xml:7:13-56
11
12        <!--
13         Main music service, provides media browsing and media playback services to
14         consumers through MediaBrowserService and MediaSession. Consumers connect to it through
15         MediaBrowser (for browsing) and MediaController (for playback control)
16        -->
17        <service
17-->src/main/AndroidManifest.xml:12:9-18:19
18            android:name="com.example.mycarapplication.shared.MyMusicService"
18-->src/main/AndroidManifest.xml:13:13-78
19            android:exported="true" >
19-->src/main/AndroidManifest.xml:14:13-36
20            <intent-filter>
20-->src/main/AndroidManifest.xml:15:13-17:29
21                <action android:name="android.media.browse.MediaBrowserService" />
21-->src/main/AndroidManifest.xml:16:17-83
21-->src/main/AndroidManifest.xml:16:25-80
22            </intent-filter>
23        </service>
24    </application>
25
26</manifest>